# JRE version: Java(TM) SE Runtime Environment (8.0_201-b09) (build 1.8.0_201-b09)
# Java VM: Java HotSpot(TM) 64-Bit Server VM (25.201-b09 mixed mode windows-amd64 compressed oops)
Heap:
 PSYoungGen      total 125952K, used 43164K [0x00000000d5c00000, 0x00000000de900000, 0x0000000100000000)
  eden space 113152K, 26% used [0x00000000d5c00000,0x00000000d79ab208,0x00000000dca80000)
  from space 12800K, 99% used [0x00000000dd980000,0x00000000de5fc008,0x00000000de600000)
  to   space 15360K, 0% used [0x00000000dca80000,0x00000000dca80000,0x00000000dd980000)
 ParOldGen       total 93184K, used 16692K [0x0000000081400000, 0x0000000086f00000, 0x00000000d5c00000)
  object space 93184K, 17% used [0x0000000081400000,0x000000008244d340,0x0000000086f00000)
 Metaspace       used 51394K, capacity 53260K, committed 53632K, reserved 1095680K
  class space    used 7043K, capacity 7429K, committed 7552K, reserved 1048576K
GC Heap History (10 events):
Event: 1.952 GC heap before
{Heap before GC invocations=8 (full 1):
 PSYoungGen      total 67072K, used 65323K [0x00000000d5c00000, 0x00000000dd200000, 0x0000000100000000)
  eden space 61952K, 100% used [0x00000000d5c00000,0x00000000d9880000,0x00000000d9880000)
  from space 5120K, 65% used [0x00000000da200000,0x00000000da54ace0,0x00000000da700000)
  to   space 9728K, 0% used [0x00000000d9880000,0x00000000d9880000,0x00000000da200000)
 ParOldGen       total 60416K, used 8425K [0x0000000081400000, 0x0000000084f00000, 0x00000000d5c00000)
  object space 60416K, 13% used [0x0000000081400000,0x0000000081c3a688,0x0000000084f00000)
 Metaspace       used 27279K, capacity 28250K, committed 28416K, reserved 1073152K
  class space    used 3570K, capacity 3813K, committed 3840K, reserved 1048576K
Event: 1.958 GC heap after
Heap after GC invocations=8 (full 1):
 PSYoungGen      total 71680K, used 7986K [0x00000000d5c00000, 0x00000000dca80000, 0x0000000100000000)
  eden space 61952K, 0% used [0x00000000d5c00000,0x00000000d5c00000,0x00000000d9880000)
  from space 9728K, 82% used [0x00000000d9880000,0x00000000da04ca18,0x00000000da200000)
  to   space 10752K, 0% used [0x00000000dc000000,0x00000000dc000000,0x00000000dca80000)
 ParOldGen       total 60416K, used 8433K [0x0000000081400000, 0x0000000084f00000, 0x00000000d5c00000)
  object space 60416K, 13% used [0x0000000081400000,0x0000000081c3c688,0x0000000084f00000)
 Metaspace       used 27279K, capacity 28250K, committed 28416K, reserved 1073152K
  class space    used 3570K, capacity 3813K, committed 3840K, reserved 1048576K
}
Event: 2.501 GC heap before
{Heap before GC invocations=9 (full 1):
 PSYoungGen      total 71680K, used 69886K [0x00000000d5c00000, 0x00000000dca80000, 0x0000000100000000)
  eden space 61952K, 99% used [0x00000000d5c00000,0x00000000d9872eb8,0x00000000d9880000)
  from space 9728K, 82% used [0x00000000d9880000,0x00000000da04ca18,0x00000000da200000)
  to   space 10752K, 0% used [0x00000000dc000000,0x00000000dc000000,0x00000000dca80000)
 ParOldGen       total 60416K, used 8433K [0x0000000081400000, 0x0000000084f00000, 0x00000000d5c00000)
  object space 60416K, 13% used [0x0000000081400000,0x0000000081c3c688,0x0000000084f00000)
 Metaspace       used 31002K, capacity 32576K, committed 32896K, reserved 1077248K
  class space    used 4075K, capacity 4386K, committed 4480K, reserved 1048576K
Event: 2.508 GC heap after
Heap after GC invocations=9 (full 1):
 PSYoungGen      total 100864K, used 9497K [0x00000000d5c00000, 0x00000000dcb00000, 0x0000000100000000)
  eden space 90112K, 0% used [0x00000000d5c00000,0x00000000d5c00000,0x00000000db400000)
  from space 10752K, 88% used [0x00000000dc000000,0x00000000dc9466a8,0x00000000dca80000)
  to   space 11776K, 0% used [0x00000000db400000,0x00000000db400000,0x00000000dbf80000)
 ParOldGen       total 60416K, used 8441K [0x0000000081400000, 0x0000000084f00000, 0x00000000d5c00000)
  object space 60416K, 13% used [0x0000000081400000,0x0000000081c3e688,0x0000000084f00000)
 Metaspace       used 31002K, capacity 32576K, committed 32896K, reserved 1077248K
  class space    used 4075K, capacity 4386K, committed 4480K, reserved 1048576K
}
Event: 2.831 GC heap before
{Heap before GC invocations=10 (full 1):
 PSYoungGen      total 100864K, used 83745K [0x00000000d5c00000, 0x00000000dcb00000, 0x0000000100000000)
  eden space 90112K, 82% used [0x00000000d5c00000,0x00000000da481e20,0x00000000db400000)
  from space 10752K, 88% used [0x00000000dc000000,0x00000000dc9466a8,0x00000000dca80000)
  to   space 11776K, 0% used [0x00000000db400000,0x00000000db400000,0x00000000dbf80000)
 ParOldGen       total 60416K, used 8441K [0x0000000081400000, 0x0000000084f00000, 0x00000000d5c00000)
  object space 60416K, 13% used [0x0000000081400000,0x0000000081c3e688,0x0000000084f00000)
 Metaspace       used 33806K, capacity 35378K, committed 35456K, reserved 1079296K
  class space    used 4394K, capacity 4707K, committed 4736K, reserved 1048576K
Event: 2.839 GC heap after
Heap after GC invocations=10 (full 1):
 PSYoungGen      total 101888K, used 10605K [0x00000000d5c00000, 0x00000000de600000, 0x0000000100000000)
  eden space 90112K, 0% used [0x00000000d5c00000,0x00000000d5c00000,0x00000000db400000)
  from space 11776K, 90% used [0x00000000db400000,0x00000000dbe5b770,0x00000000dbf80000)
  to   space 12800K, 0% used [0x00000000dd980000,0x00000000dd980000,0x00000000de600000)
 ParOldGen       total 60416K, used 8449K [0x0000000081400000, 0x0000000084f00000, 0x00000000d5c00000)
  object space 60416K, 13% used [0x0000000081400000,0x0000000081c40688,0x0000000084f00000)
 Metaspace       used 33806K, capacity 35378K, committed 35456K, reserved 1079296K
  class space    used 4394K, capacity 4707K, committed 4736K, reserved 1048576K
}
Event: 2.839 GC heap before
{Heap before GC invocations=11 (full 2):
 PSYoungGen      total 101888K, used 10605K [0x00000000d5c00000, 0x00000000de600000, 0x0000000100000000)
  eden space 90112K, 0% used [0x00000000d5c00000,0x00000000d5c00000,0x00000000db400000)
  from space 11776K, 90% used [0x00000000db400000,0x00000000dbe5b770,0x00000000dbf80000)
  to   space 12800K, 0% used [0x00000000dd980000,0x00000000dd980000,0x00000000de600000)
 ParOldGen       total 60416K, used 8449K [0x0000000081400000, 0x0000000084f00000, 0x00000000d5c00000)
  object space 60416K, 13% used [0x0000000081400000,0x0000000081c40688,0x0000000084f00000)
 Metaspace       used 33806K, capacity 35378K, committed 35456K, reserved 1079296K
  class space    used 4394K, capacity 4707K, committed 4736K, reserved 1048576K
Event: 2.888 GC heap after
Heap after GC invocations=11 (full 2):
 PSYoungGen      total 101888K, used 0K [0x00000000d5c00000, 0x00000000de600000, 0x0000000100000000)
  eden space 90112K, 0% used [0x00000000d5c00000,0x00000000d5c00000,0x00000000db400000)
  from space 11776K, 0% used [0x00000000db400000,0x00000000db400000,0x00000000dbf80000)
  to   space 12800K, 0% used [0x00000000dd980000,0x00000000dd980000,0x00000000de600000)
 ParOldGen       total 93184K, used 14683K [0x0000000081400000, 0x0000000086f00000, 0x00000000d5c00000)
  object space 93184K, 15% used [0x0000000081400000,0x0000000082256cb0,0x0000000086f00000)
 Metaspace       used 33806K, capacity 35378K, committed 35456K, reserved 1079296K
  class space    used 4394K, capacity 4707K, committed 4736K, reserved 1048576K
}
Event: 3.814 GC heap before
{Heap before GC invocations=12 (full 2):
 PSYoungGen      total 101888K, used 90112K [0x00000000d5c00000, 0x00000000de600000, 0x0000000100000000)
  eden space 90112K, 100% used [0x00000000d5c00000,0x00000000db400000,0x00000000db400000)
  from space 11776K, 0% used [0x00000000db400000,0x00000000db400000,0x00000000dbf80000)
  to   space 12800K, 0% used [0x00000000dd980000,0x00000000dd980000,0x00000000de600000)
 ParOldGen       total 93184K, used 14683K [0x0000000081400000, 0x0000000086f00000, 0x00000000d5c00000)
  object space 93184K, 15% used [0x0000000081400000,0x0000000082256cb0,0x0000000086f00000)
 Metaspace       used 47720K, capacity 49492K, committed 49664K, reserved 1091584K
  class space    used 6522K, capacity 6846K, committed 6912K, reserved 1048576K
Event: 3.828 GC heap after
Heap after GC invocations=12 (full 2):
 PSYoungGen      total 125952K, used 12784K [0x00000000d5c00000, 0x00000000de900000, 0x0000000100000000)
  eden space 113152K, 0% used [0x00000000d5c00000,0x00000000d5c00000,0x00000000dca80000)
  from space 12800K, 99% used [0x00000000dd980000,0x00000000de5fc008,0x00000000de600000)
  to   space 15360K, 0% used [0x00000000dca80000,0x00000000dca80000,0x00000000dd980000)
 ParOldGen       total 93184K, used 16692K [0x0000000081400000, 0x0000000086f00000, 0x00000000d5c00000)
  object space 93184K, 17% used [0x0000000081400000,0x000000008244d340,0x0000000086f00000)
 Metaspace       used 47720K, capacity 49492K, committed 49664K, reserved 1091584K
  class space    used 6522K, capacity 6846K, committed 6912K, reserved 1048576K
}

