# JRE version: Java(TM) SE Runtime Environment (8.0_201-b09) (build 1.8.0_201-b09)
# Java VM: Java HotSpot(TM) 64-Bit Server VM (25.201-b09 mixed mode windows-amd64 compressed oops)
Heap:
 PSYoungGen      total 162816K, used 39544K [0x00000000d5c00000, 0x00000000e3800000, 0x0000000100000000)
  eden space 148992K, 17% used [0x00000000d5c00000,0x00000000d75200f8,0x00000000ded80000)
  from space 13824K, 99% used [0x00000000ded80000,0x00000000dfafe2a8,0x00000000dfb00000)
  to   space 19456K, 0% used [0x00000000e2500000,0x00000000e2500000,0x00000000e3800000)
 ParOldGen       total 94208K, used 22501K [0x0000000081400000, 0x0000000087000000, 0x00000000d5c00000)
  object space 94208K, 23% used [0x0000000081400000,0x00000000829f97e0,0x0000000087000000)
 Metaspace       used 55046K, capacity 57568K, committed 57728K, reserved 1099776K
  class space    used 7574K, capacity 8047K, committed 8064K, reserved 1048576K
GC Heap History (10 events):
Event: 1.248 GC heap before
{Heap before GC invocations=7 (full 1):
 PSYoungGen      total 71680K, used 66560K [0x00000000d5c00000, 0x00000000df100000, 0x0000000100000000)
  eden space 66560K, 100% used [0x00000000d5c00000,0x00000000d9d00000,0x00000000d9d00000)
  from space 5120K, 0% used [0x00000000d9d00000,0x00000000d9d00000,0x00000000da200000)
  to   space 9728K, 0% used [0x00000000de780000,0x00000000de780000,0x00000000df100000)
 ParOldGen       total 60416K, used 8297K [0x0000000081400000, 0x0000000084f00000, 0x00000000d5c00000)
  object space 60416K, 13% used [0x0000000081400000,0x0000000081c1a648,0x0000000084f00000)
 Metaspace       used 23307K, capacity 23978K, committed 24320K, reserved 1071104K
  class space    used 3034K, capacity 3220K, committed 3328K, reserved 1048576K
Event: 1.250 GC heap after
Heap after GC invocations=7 (full 1):
 PSYoungGen      total 104960K, used 3488K [0x00000000d5c00000, 0x00000000deb00000, 0x0000000100000000)
  eden space 101376K, 0% used [0x00000000d5c00000,0x00000000d5c00000,0x00000000dbf00000)
  from space 3584K, 97% used [0x00000000de780000,0x00000000deae8200,0x00000000deb00000)
  to   space 9728K, 0% used [0x00000000dd800000,0x00000000dd800000,0x00000000de180000)
 ParOldGen       total 60416K, used 8369K [0x0000000081400000, 0x0000000084f00000, 0x00000000d5c00000)
  object space 60416K, 13% used [0x0000000081400000,0x0000000081c2c658,0x0000000084f00000)
 Metaspace       used 23307K, capacity 23978K, committed 24320K, reserved 1071104K
  class space    used 3034K, capacity 3220K, committed 3328K, reserved 1048576K
}
Event: 2.356 GC heap before
{Heap before GC invocations=8 (full 1):
 PSYoungGen      total 104960K, used 104864K [0x00000000d5c00000, 0x00000000deb00000, 0x0000000100000000)
  eden space 101376K, 100% used [0x00000000d5c00000,0x00000000dbf00000,0x00000000dbf00000)
  from space 3584K, 97% used [0x00000000de780000,0x00000000deae8200,0x00000000deb00000)
  to   space 9728K, 0% used [0x00000000dd800000,0x00000000dd800000,0x00000000de180000)
 ParOldGen       total 60416K, used 8369K [0x0000000081400000, 0x0000000084f00000, 0x00000000d5c00000)
  object space 60416K, 13% used [0x0000000081400000,0x0000000081c2c658,0x0000000084f00000)
 Metaspace       used 31006K, capacity 32576K, committed 32896K, reserved 1077248K
  class space    used 4082K, capacity 4386K, committed 4480K, reserved 1048576K
Event: 2.365 GC heap after
Heap after GC invocations=8 (full 1):
 PSYoungGen      total 136704K, used 9722K [0x00000000d5c00000, 0x00000000e0780000, 0x0000000100000000)
  eden space 126976K, 0% used [0x00000000d5c00000,0x00000000d5c00000,0x00000000dd800000)
  from space 9728K, 99% used [0x00000000dd800000,0x00000000de17eba0,0x00000000de180000)
  to   space 12800K, 0% used [0x00000000dfb00000,0x00000000dfb00000,0x00000000e0780000)
 ParOldGen       total 60416K, used 11425K [0x0000000081400000, 0x0000000084f00000, 0x00000000d5c00000)
  object space 60416K, 18% used [0x0000000081400000,0x0000000081f285e0,0x0000000084f00000)
 Metaspace       used 31006K, capacity 32576K, committed 32896K, reserved 1077248K
  class space    used 4082K, capacity 4386K, committed 4480K, reserved 1048576K
}
Event: 2.695 GC heap before
{Heap before GC invocations=9 (full 1):
 PSYoungGen      total 136704K, used 107063K [0x00000000d5c00000, 0x00000000e0780000, 0x0000000100000000)
  eden space 126976K, 76% used [0x00000000d5c00000,0x00000000dbb0f300,0x00000000dd800000)
  from space 9728K, 99% used [0x00000000dd800000,0x00000000de17eba0,0x00000000de180000)
  to   space 12800K, 0% used [0x00000000dfb00000,0x00000000dfb00000,0x00000000e0780000)
 ParOldGen       total 60416K, used 11425K [0x0000000081400000, 0x0000000084f00000, 0x00000000d5c00000)
  object space 60416K, 18% used [0x0000000081400000,0x0000000081f285e0,0x0000000084f00000)
 Metaspace       used 33814K, capacity 35378K, committed 35456K, reserved 1079296K
  class space    used 4402K, capacity 4707K, committed 4736K, reserved 1048576K
Event: 2.704 GC heap after
Heap after GC invocations=9 (full 1):
 PSYoungGen      total 161792K, used 10664K [0x00000000d5c00000, 0x00000000e3080000, 0x0000000100000000)
  eden space 148992K, 0% used [0x00000000d5c00000,0x00000000d5c00000,0x00000000ded80000)
  from space 12800K, 83% used [0x00000000dfb00000,0x00000000e056a1d8,0x00000000e0780000)
  to   space 13824K, 0% used [0x00000000ded80000,0x00000000ded80000,0x00000000dfb00000)
 ParOldGen       total 60416K, used 11433K [0x0000000081400000, 0x0000000084f00000, 0x00000000d5c00000)
  object space 60416K, 18% used [0x0000000081400000,0x0000000081f2a5e0,0x0000000084f00000)
 Metaspace       used 33814K, capacity 35378K, committed 35456K, reserved 1079296K
  class space    used 4402K, capacity 4707K, committed 4736K, reserved 1048576K
}
Event: 2.704 GC heap before
{Heap before GC invocations=10 (full 2):
 PSYoungGen      total 161792K, used 10664K [0x00000000d5c00000, 0x00000000e3080000, 0x0000000100000000)
  eden space 148992K, 0% used [0x00000000d5c00000,0x00000000d5c00000,0x00000000ded80000)
  from space 12800K, 83% used [0x00000000dfb00000,0x00000000e056a1d8,0x00000000e0780000)
  to   space 13824K, 0% used [0x00000000ded80000,0x00000000ded80000,0x00000000dfb00000)
 ParOldGen       total 60416K, used 11433K [0x0000000081400000, 0x0000000084f00000, 0x00000000d5c00000)
  object space 60416K, 18% used [0x0000000081400000,0x0000000081f2a5e0,0x0000000084f00000)
 Metaspace       used 33814K, capacity 35378K, committed 35456K, reserved 1079296K
  class space    used 4402K, capacity 4707K, committed 4736K, reserved 1048576K
Event: 2.758 GC heap after
Heap after GC invocations=10 (full 2):
 PSYoungGen      total 161792K, used 0K [0x00000000d5c00000, 0x00000000e3080000, 0x0000000100000000)
  eden space 148992K, 0% used [0x00000000d5c00000,0x00000000d5c00000,0x00000000ded80000)
  from space 12800K, 0% used [0x00000000dfb00000,0x00000000dfb00000,0x00000000e0780000)
  to   space 13824K, 0% used [0x00000000ded80000,0x00000000ded80000,0x00000000dfb00000)
 ParOldGen       total 94208K, used 14681K [0x0000000081400000, 0x0000000087000000, 0x00000000d5c00000)
  object space 94208K, 15% used [0x0000000081400000,0x00000000822565d8,0x0000000087000000)
 Metaspace       used 33814K, capacity 35378K, committed 35456K, reserved 1079296K
  class space    used 4402K, capacity 4707K, committed 4736K, reserved 1048576K
}
Event: 4.233 GC heap before
{Heap before GC invocations=11 (full 2):
 PSYoungGen      total 161792K, used 148992K [0x00000000d5c00000, 0x00000000e3080000, 0x0000000100000000)
  eden space 148992K, 100% used [0x00000000d5c00000,0x00000000ded80000,0x00000000ded80000)
  from space 12800K, 0% used [0x00000000dfb00000,0x00000000dfb00000,0x00000000e0780000)
  to   space 13824K, 0% used [0x00000000ded80000,0x00000000ded80000,0x00000000dfb00000)
 ParOldGen       total 94208K, used 14681K [0x0000000081400000, 0x0000000087000000, 0x00000000d5c00000)
  object space 94208K, 15% used [0x0000000081400000,0x00000000822565d8,0x0000000087000000)
 Metaspace       used 53726K, capacity 56136K, committed 56320K, reserved 1097728K
  class space    used 7392K, capacity 7843K, committed 7936K, reserved 1048576K
Event: 4.249 GC heap after
Heap after GC invocations=11 (full 2):
 PSYoungGen      total 162816K, used 13816K [0x00000000d5c00000, 0x00000000e3800000, 0x0000000100000000)
  eden space 148992K, 0% used [0x00000000d5c00000,0x00000000d5c00000,0x00000000ded80000)
  from space 13824K, 99% used [0x00000000ded80000,0x00000000dfafe2a8,0x00000000dfb00000)
  to   space 19456K, 0% used [0x00000000e2500000,0x00000000e2500000,0x00000000e3800000)
 ParOldGen       total 94208K, used 22501K [0x0000000081400000, 0x0000000087000000, 0x00000000d5c00000)
  object space 94208K, 23% used [0x0000000081400000,0x00000000829f97e0,0x0000000087000000)
 Metaspace       used 53726K, capacity 56136K, committed 56320K, reserved 1097728K
  class space    used 7392K, capacity 7843K, committed 7936K, reserved 1048576K
}

