# JRE version: Java(TM) SE Runtime Environment (8.0_201-b09) (build 1.8.0_201-b09)
# Java VM: Java HotSpot(TM) 64-Bit Server VM (25.201-b09 mixed mode windows-amd64 compressed oops)
Heap:
 PSYoungGen      total 136704K, used 15383K [0x00000000d5c00000, 0x00000000e1a80000, 0x0000000100000000)
  eden space 126976K, 4% used [0x00000000d5c00000,0x00000000d6186ce8,0x00000000dd800000)
  from space 9728K, 99% used [0x00000000dd800000,0x00000000de17f0d0,0x00000000de180000)
  to   space 18432K, 0% used [0x00000000e0880000,0x00000000e0880000,0x00000000e1a80000)
 ParOldGen       total 60928K, used 24772K [0x0000000081400000, 0x0000000084f80000, 0x00000000d5c00000)
  object space 60928K, 40% used [0x0000000081400000,0x0000000082c310a0,0x0000000084f80000)
 Metaspace       used 52555K, capacity 54854K, committed 55040K, reserved 1097728K
  class space    used 7236K, capacity 7674K, committed 7680K, reserved 1048576K
GC Heap History (10 events):
Event: 1.580 GC heap before
{Heap before GC invocations=7 (full 1):
 PSYoungGen      total 71680K, used 66560K [0x00000000d5c00000, 0x00000000df100000, 0x0000000100000000)
  eden space 66560K, 100% used [0x00000000d5c00000,0x00000000d9d00000,0x00000000d9d00000)
  from space 5120K, 0% used [0x00000000d9d00000,0x00000000d9d00000,0x00000000da200000)
  to   space 9728K, 0% used [0x00000000de780000,0x00000000de780000,0x00000000df100000)
 ParOldGen       total 60928K, used 8360K [0x0000000081400000, 0x0000000084f80000, 0x00000000d5c00000)
  object space 60928K, 13% used [0x0000000081400000,0x0000000081c2a228,0x0000000084f80000)
 Metaspace       used 23352K, capacity 24038K, committed 24320K, reserved 1071104K
  class space    used 3035K, capacity 3220K, committed 3328K, reserved 1048576K
Event: 1.585 GC heap after
Heap after GC invocations=7 (full 1):
 PSYoungGen      total 102912K, used 3424K [0x00000000d5c00000, 0x00000000deb00000, 0x0000000100000000)
  eden space 99328K, 0% used [0x00000000d5c00000,0x00000000d5c00000,0x00000000dbd00000)
  from space 3584K, 95% used [0x00000000de780000,0x00000000dead8200,0x00000000deb00000)
  to   space 9728K, 0% used [0x00000000dd800000,0x00000000dd800000,0x00000000de180000)
 ParOldGen       total 60928K, used 8432K [0x0000000081400000, 0x0000000084f80000, 0x00000000d5c00000)
  object space 60928K, 13% used [0x0000000081400000,0x0000000081c3c238,0x0000000084f80000)
 Metaspace       used 23352K, capacity 24038K, committed 24320K, reserved 1071104K
  class space    used 3035K, capacity 3220K, committed 3328K, reserved 1048576K
}
Event: 3.085 GC heap before
{Heap before GC invocations=8 (full 1):
 PSYoungGen      total 102912K, used 102752K [0x00000000d5c00000, 0x00000000deb00000, 0x0000000100000000)
  eden space 99328K, 100% used [0x00000000d5c00000,0x00000000dbd00000,0x00000000dbd00000)
  from space 3584K, 95% used [0x00000000de780000,0x00000000dead8200,0x00000000deb00000)
  to   space 9728K, 0% used [0x00000000dd800000,0x00000000dd800000,0x00000000de180000)
 ParOldGen       total 60928K, used 8432K [0x0000000081400000, 0x0000000084f80000, 0x00000000d5c00000)
  object space 60928K, 13% used [0x0000000081400000,0x0000000081c3c238,0x0000000084f80000)
 Metaspace       used 30651K, capacity 32162K, committed 32256K, reserved 1077248K
  class space    used 4036K, capacity 4319K, committed 4352K, reserved 1048576K
Event: 3.098 GC heap after
Heap after GC invocations=8 (full 1):
 PSYoungGen      total 136704K, used 9700K [0x00000000d5c00000, 0x00000000e0180000, 0x0000000100000000)
  eden space 126976K, 0% used [0x00000000d5c00000,0x00000000d5c00000,0x00000000dd800000)
  from space 9728K, 99% used [0x00000000dd800000,0x00000000de1793c8,0x00000000de180000)
  to   space 12800K, 0% used [0x00000000df500000,0x00000000df500000,0x00000000e0180000)
 ParOldGen       total 60928K, used 10952K [0x0000000081400000, 0x0000000084f80000, 0x00000000d5c00000)
  object space 60928K, 17% used [0x0000000081400000,0x0000000081eb2010,0x0000000084f80000)
 Metaspace       used 30651K, capacity 32162K, committed 32256K, reserved 1077248K
  class space    used 4036K, capacity 4319K, committed 4352K, reserved 1048576K
}
Event: 3.583 GC heap before
{Heap before GC invocations=9 (full 1):
 PSYoungGen      total 136704K, used 111443K [0x00000000d5c00000, 0x00000000e0180000, 0x0000000100000000)
  eden space 126976K, 80% used [0x00000000d5c00000,0x00000000dbf5b988,0x00000000dd800000)
  from space 9728K, 99% used [0x00000000dd800000,0x00000000de1793c8,0x00000000de180000)
  to   space 12800K, 0% used [0x00000000df500000,0x00000000df500000,0x00000000e0180000)
 ParOldGen       total 60928K, used 10952K [0x0000000081400000, 0x0000000084f80000, 0x00000000d5c00000)
  object space 60928K, 17% used [0x0000000081400000,0x0000000081eb2010,0x0000000084f80000)
 Metaspace       used 33765K, capacity 35374K, committed 35456K, reserved 1079296K
  class space    used 4396K, capacity 4707K, committed 4736K, reserved 1048576K
Event: 3.594 GC heap after
Heap after GC invocations=9 (full 1):
 PSYoungGen      total 139776K, used 11038K [0x00000000d5c00000, 0x00000000e0180000, 0x0000000100000000)
  eden space 126976K, 0% used [0x00000000d5c00000,0x00000000d5c00000,0x00000000dd800000)
  from space 12800K, 86% used [0x00000000df500000,0x00000000dffc7990,0x00000000e0180000)
  to   space 9728K, 0% used [0x00000000dd800000,0x00000000dd800000,0x00000000de180000)
 ParOldGen       total 60928K, used 10960K [0x0000000081400000, 0x0000000084f80000, 0x00000000d5c00000)
  object space 60928K, 17% used [0x0000000081400000,0x0000000081eb4010,0x0000000084f80000)
 Metaspace       used 33765K, capacity 35374K, committed 35456K, reserved 1079296K
  class space    used 4396K, capacity 4707K, committed 4736K, reserved 1048576K
}
Event: 3.594 GC heap before
{Heap before GC invocations=10 (full 2):
 PSYoungGen      total 139776K, used 11038K [0x00000000d5c00000, 0x00000000e0180000, 0x0000000100000000)
  eden space 126976K, 0% used [0x00000000d5c00000,0x00000000d5c00000,0x00000000dd800000)
  from space 12800K, 86% used [0x00000000df500000,0x00000000dffc7990,0x00000000e0180000)
  to   space 9728K, 0% used [0x00000000dd800000,0x00000000dd800000,0x00000000de180000)
 ParOldGen       total 60928K, used 10960K [0x0000000081400000, 0x0000000084f80000, 0x00000000d5c00000)
  object space 60928K, 17% used [0x0000000081400000,0x0000000081eb4010,0x0000000084f80000)
 Metaspace       used 33765K, capacity 35374K, committed 35456K, reserved 1079296K
  class space    used 4396K, capacity 4707K, committed 4736K, reserved 1048576K
Event: 3.655 GC heap after
Heap after GC invocations=10 (full 2):
 PSYoungGen      total 139776K, used 0K [0x00000000d5c00000, 0x00000000e0180000, 0x0000000100000000)
  eden space 126976K, 0% used [0x00000000d5c00000,0x00000000d5c00000,0x00000000dd800000)
  from space 12800K, 0% used [0x00000000df500000,0x00000000df500000,0x00000000e0180000)
  to   space 9728K, 0% used [0x00000000dd800000,0x00000000dd800000,0x00000000de180000)
 ParOldGen       total 60928K, used 14990K [0x0000000081400000, 0x0000000084f80000, 0x00000000d5c00000)
  object space 60928K, 24% used [0x0000000081400000,0x00000000822a3ab8,0x0000000084f80000)
 Metaspace       used 33765K, capacity 35374K, committed 35456K, reserved 1079296K
  class space    used 4396K, capacity 4707K, committed 4736K, reserved 1048576K
}
Event: 5.272 GC heap before
{Heap before GC invocations=11 (full 2):
 PSYoungGen      total 139776K, used 126976K [0x00000000d5c00000, 0x00000000e0180000, 0x0000000100000000)
  eden space 126976K, 100% used [0x00000000d5c00000,0x00000000dd800000,0x00000000dd800000)
  from space 12800K, 0% used [0x00000000df500000,0x00000000df500000,0x00000000e0180000)
  to   space 9728K, 0% used [0x00000000dd800000,0x00000000dd800000,0x00000000de180000)
 ParOldGen       total 60928K, used 14990K [0x0000000081400000, 0x0000000084f80000, 0x00000000d5c00000)
  object space 60928K, 24% used [0x0000000081400000,0x00000000822a3ab8,0x0000000084f80000)
 Metaspace       used 52178K, capacity 54370K, committed 54528K, reserved 1095680K
  class space    used 7172K, capacity 7590K, committed 7680K, reserved 1048576K
Event: 5.284 GC heap after
Heap after GC invocations=11 (full 2):
 PSYoungGen      total 136704K, used 9724K [0x00000000d5c00000, 0x00000000e1a80000, 0x0000000100000000)
  eden space 126976K, 0% used [0x00000000d5c00000,0x00000000d5c00000,0x00000000dd800000)
  from space 9728K, 99% used [0x00000000dd800000,0x00000000de17f0d0,0x00000000de180000)
  to   space 18432K, 0% used [0x00000000e0880000,0x00000000e0880000,0x00000000e1a80000)
 ParOldGen       total 60928K, used 24772K [0x0000000081400000, 0x0000000084f80000, 0x00000000d5c00000)
  object space 60928K, 40% used [0x0000000081400000,0x0000000082c310a0,0x0000000084f80000)
 Metaspace       used 52178K, capacity 54370K, committed 54528K, reserved 1095680K
  class space    used 7172K, capacity 7590K, committed 7680K, reserved 1048576K
}

